<?xml version="1.0" encoding="utf-8"?>
<!DOCTYPE coverage SYSTEM "http://cobertura.sourceforge.net/xml/coverage-04.dtd">
<coverage line-rate="0.5821294810058855" branch-rate="0.35042016806722687" lines-covered="2176" lines-valid="3738" branches-covered="417" branches-valid="1190" complexity="NaN" version="0" timestamp="1702386034">
  <sources />
  <packages>
    <package name="com/hubsante/model" line-rate="0.7840909090909091" branch-rate="0.75" complexity="NaN">
      <classes>
        <class name="com/hubsante/model/EdxlHandler" filename="EdxlHandler.java" line-rate="1" branch-rate="1" complexity="NaN">
          <methods>
            <method name="&lt;init&gt;" signature="()" line-rate="1" branch-rate="1" complexity="NaN">
              <lines />
            </method>
            <method name="deserializeJsonEDXL" signature="(Ljava/lang/String;)" line-rate="1" branch-rate="1" complexity="NaN">
              <lines />
            </method>
            <method name="deserializeJsonEDXLEnvelope" signature="(Ljava/lang/String;)" line-rate="1" branch-rate="1" complexity="NaN">
              <lines />
            </method>
            <method name="deserializeXmlEDXL" signature="(Ljava/lang/String;)" line-rate="1" branch-rate="1" complexity="NaN">
              <lines />
            </method>
            <method name="serializeJsonEDXL" signature="(Lcom/hubsante/model/edxl/EdxlMessage;)" line-rate="1" branch-rate="1" complexity="NaN">
              <lines />
            </method>
            <method name="serializeXmlEDXL" signature="(Lcom/hubsante/model/edxl/EdxlMessage;)" line-rate="1" branch-rate="1" complexity="NaN">
              <lines />
            </method>
          </methods>
          <lines />
        </class>
        <class name="com/hubsante/model/TestMessagesHelper" filename="TestMessagesHelper.java" line-rate="1" branch-rate="1" complexity="NaN">
          <methods>
            <method name="&lt;init&gt;" signature="()" line-rate="1" branch-rate="1" complexity="NaN">
              <lines />
            </method>
            <method name="&lt;clinit&gt;" signature="()" line-rate="1" branch-rate="1" complexity="NaN">
              <lines />
            </method>
            <method name="getSampleMessage" signature="(Ljava/lang/String;)" line-rate="1" branch-rate="1" complexity="NaN">
              <lines />
            </method>
            <method name="getSampleMessage" signature="(Ljava/lang/String;Z)" line-rate="1" branch-rate="1" complexity="NaN">
              <lines />
            </method>
            <method name="getInvalidMessage" signature="(Ljava/lang/String;)" line-rate="1" branch-rate="1" complexity="NaN">
              <lines />
            </method>
          </methods>
          <lines />
        </class>
        <class name="com/hubsante/model/Validator" filename="Validator.java" line-rate="1" branch-rate="1" complexity="NaN">
          <methods>
            <method name="&lt;init&gt;" signature="()" line-rate="1" branch-rate="1" complexity="NaN">
              <lines />
            </method>
            <method name="validateXML" signature="(Ljava/lang/String;Ljava/lang/String;)" line-rate="1" branch-rate="1" complexity="NaN">
              <lines />
            </method>
            <method name="initValidator" signature="(Ljava/lang/String;)" line-rate="1" branch-rate="1" complexity="NaN">
              <lines />
            </method>
            <method name="validateJSON" signature="(Ljava/lang/String;Ljava/lang/String;)" line-rate="1" branch-rate="1" complexity="NaN">
              <lines />
            </method>
            <method name="formatValidationErrorMessage" signature="(Lcom/networknt/schema/ValidationMessage;)" line-rate="1" branch-rate="1" complexity="NaN">
              <lines />
            </method>
          </methods>
          <lines />
        </class>
      </classes>
    </package>
    <package name="com/hubsante/model/builders" line-rate="0.8348623853211009" branch-rate="0.7727272727272727" complexity="NaN">
      <classes>
        <class name="com/hubsante/model/builders/CreateCaseWrapperBuilder" filename="CreateCaseWrapperBuilder.java" line-rate="1" branch-rate="1" complexity="NaN">
          <methods>
            <method name="&lt;init&gt;" signature="(Lcom/hubsante/model/common/DistributionElement;Lcom/hubsante/model/cisu/CreateCase;)" line-rate="1" branch-rate="1" complexity="NaN">
              <lines />
            </method>
            <method name="build" signature="()" line-rate="1" branch-rate="1" complexity="NaN">
              <lines />
            </method>
          </methods>
          <lines />
        </class>
        <class name="com/hubsante/model/builders/DistributionElementBuilder" filename="DistributionElementBuilder.java" line-rate="1" branch-rate="1" complexity="NaN">
          <methods>
            <method name="&lt;init&gt;" signature="(Ljava/lang/String;Ljava/lang/String;Ljava/util/List;)" line-rate="1" branch-rate="1" complexity="NaN">
              <lines />
            </method>
            <method name="sender" signature="(Lcom/hubsante/model/common/Sender;)" line-rate="1" branch-rate="1" complexity="NaN">
              <lines />
            </method>
            <method name="sentAt" signature="(Ljava/time/OffsetDateTime;)" line-rate="1" branch-rate="1" complexity="NaN">
              <lines />
            </method>
            <method name="kind" signature="(Lcom/hubsante/model/common/DistributionElement$KindEnum;)" line-rate="1" branch-rate="1" complexity="NaN">
              <lines />
            </method>
            <method name="status" signature="(Lcom/hubsante/model/common/DistributionElement$StatusEnum;)" line-rate="1" branch-rate="1" complexity="NaN">
              <lines />
            </method>
            <method name="recipients" signature="(Ljava/util/List;)" line-rate="1" branch-rate="1" complexity="NaN">
              <lines />
            </method>
            <method name="build" signature="()" line-rate="1" branch-rate="1" complexity="NaN">
              <lines />
            </method>
          </methods>
          <lines />
        </class>
        <class name="com/hubsante/model/builders/EDXL_DE_Builder" filename="EDXL_DE_Builder.java" line-rate="1" branch-rate="1" complexity="NaN">
          <methods>
            <method name="&lt;init&gt;" signature="(Ljava/lang/String;Ljava/lang/String;Ljava/lang/String;)" line-rate="1" branch-rate="1" complexity="NaN">
              <lines />
            </method>
            <method name="dateTimeSent" signature="(Ljava/time/OffsetDateTime;)" line-rate="1" branch-rate="1" complexity="NaN">
              <lines />
            </method>
            <method name="dateTimeSentNowWithOffsetInSeconds" signature="(J)" line-rate="1" branch-rate="1" complexity="NaN">
              <lines />
            </method>
            <method name="dateTimeSentNowWithOffsetInHours" signature="(J)" line-rate="1" branch-rate="1" complexity="NaN">
              <lines />
            </method>
            <method name="dateTimeSentNowWithOffsetInDays" signature="(J)" line-rate="1" branch-rate="1" complexity="NaN">
              <lines />
            </method>
            <method name="dateTimeExpires" signature="(Ljava/time/OffsetDateTime;)" line-rate="1" branch-rate="1" complexity="NaN">
              <lines />
            </method>
            <method name="dateTimeSentAndExpiresAfterSeconds" signature="(Ljava/time/OffsetDateTime;J)" line-rate="1" branch-rate="1" complexity="NaN">
              <lines />
            </method>
            <method name="dateTimeSentAndExpiresAfterHours" signature="(Ljava/time/OffsetDateTime;J)" line-rate="1" branch-rate="1" complexity="NaN">
              <lines />
            </method>
            <method name="dateTimeSentAndExpiresAfterDays" signature="(Ljava/time/OffsetDateTime;J)" line-rate="1" branch-rate="1" complexity="NaN">
              <lines />
            </method>
            <method name="distributionStatus" signature="(Lcom/hubsante/model/edxl/DistributionStatus;)" line-rate="1" branch-rate="1" complexity="NaN">
              <lines />
            </method>
            <method name="distributionKind" signature="(Lcom/hubsante/model/edxl/DistributionKind;)" line-rate="1" branch-rate="1" complexity="NaN">
              <lines />
            </method>
            <method name="withLanguage" signature="(Ljava/lang/String;)" line-rate="1" branch-rate="1" complexity="NaN">
              <lines />
            </method>
            <method name="contentMessage" signature="(Lcom/hubsante/model/edxl/ContentMessage;)" line-rate="1" branch-rate="1" complexity="NaN">
              <lines />
            </method>
            <method name="build" signature="()" line-rate="1" branch-rate="1" complexity="NaN">
              <lines />
            </method>
          </methods>
          <lines />
        </class>
        <class name="com/hubsante/model/builders/ReferenceWrapperBuilder" filename="ReferenceWrapperBuilder.java" line-rate="1" branch-rate="1" complexity="NaN">
          <methods>
            <method name="&lt;init&gt;" signature="(Lcom/hubsante/model/common/DistributionElement;Ljava/lang/String;)" line-rate="1" branch-rate="1" complexity="NaN">
              <lines />
            </method>
            <method name="build" signature="()" line-rate="1" branch-rate="1" complexity="NaN">
              <lines />
            </method>
          </methods>
          <lines />
        </class>
      </classes>
    </package>
    <package name="com/hubsante/model/cisu" line-rate="0.47730829420970267" branch-rate="0.45353982300884954" complexity="NaN">
      <classes>
        <class name="com/hubsante/model/cisu/Access" filename="Access.java" line-rate="1" branch-rate="1" complexity="NaN">
          <methods>
            <method name="&lt;init&gt;" signature="()" line-rate="1" branch-rate="1" complexity="NaN">
              <lines />
            </method>
            <method name="floor" signature="(Ljava/lang/String;)" line-rate="1" branch-rate="1" complexity="NaN">
              <lines />
            </method>
            <method name="getFloor" signature="()" line-rate="1" branch-rate="1" complexity="NaN">
              <lines />
            </method>
            <method name="setFloor" signature="(Ljava/lang/String;)" line-rate="1" branch-rate="1" complexity="NaN">
              <lines />
            </method>
            <method name="roomNumber" signature="(Ljava/lang/String;)" line-rate="1" branch-rate="1" complexity="NaN">
              <lines />
            </method>
            <method name="getRoomNumber" signature="()" line-rate="1" branch-rate="1" complexity="NaN">
              <lines />
            </method>
            <method name="setRoomNumber" signature="(Ljava/lang/String;)" line-rate="1" branch-rate="1" complexity="NaN">
              <lines />
            </method>
            <method name="interphone" signature="(Ljava/lang/String;)" line-rate="1" branch-rate="1" complexity="NaN">
              <lines />
            </method>
            <method name="getInterphone" signature="()" line-rate="1" branch-rate="1" complexity="NaN">
              <lines />
            </method>
            <method name="setInterphone" signature="(Ljava/lang/String;)" line-rate="1" branch-rate="1" complexity="NaN">
              <lines />
            </method>
            <method name="accessCode" signature="(Ljava/util/List;)" line-rate="1" branch-rate="1" complexity="NaN">
              <lines />
            </method>
            <method name="addAccessCodeItem" signature="(Ljava/lang/String;)" line-rate="1" branch-rate="1" complexity="NaN">
              <lines />
            </method>
            <method name="getAccessCode" signature="()" line-rate="1" branch-rate="1" complexity="NaN">
              <lines />
            </method>
            <method name="setAccessCode" signature="(Ljava/util/List;)" line-rate="1" branch-rate="1" complexity="NaN">
              <lines />
            </method>
            <method name="elevator" signature="(Ljava/lang/String;)" line-rate="1" branch-rate="1" complexity="NaN">
              <lines />
            </method>
            <method name="getElevator" signature="()" line-rate="1" branch-rate="1" complexity="NaN">
              <lines />
            </method>
            <method name="setElevator" signature="(Ljava/lang/String;)" line-rate="1" branch-rate="1" complexity="NaN">
              <lines />
            </method>
            <method name="buildingName" signature="(Ljava/lang/String;)" line-rate="1" branch-rate="1" complexity="NaN">
              <lines />
            </method>
            <method name="getBuildingName" signature="()" line-rate="1" branch-rate="1" complexity="NaN">
              <lines />
            </method>
            <method name="setBuildingName" signature="(Ljava/lang/String;)" line-rate="1" branch-rate="1" complexity="NaN">
              <lines />
            </method>
            <method name="entrance" signature="(Ljava/lang/String;)" line-rate="1" branch-rate="1" complexity="NaN">
              <lines />
            </method>
            <method name="getEntrance" signature="()" line-rate="1" branch-rate="1" complexity="NaN">
              <lines />
            </method>
            <method name="setEntrance" signature="(Ljava/lang/String;)" line-rate="1" branch-rate="1" complexity="NaN">
              <lines />
            </method>
            <method name="entity" signature="(Ljava/lang/String;)" line-rate="1" branch-rate="1" complexity="NaN">
              <lines />
            </method>
            <method name="getEntity" signature="()" line-rate="1" branch-rate="1" complexity="NaN">
              <lines />
            </method>
            <method name="setEntity" signature="(Ljava/lang/String;)" line-rate="1" branch-rate="1" complexity="NaN">
              <lines />
            </method>
            <method name="locphonenumber" signature="(Ljava/math/BigDecimal;)" line-rate="1" branch-rate="1" complexity="NaN">
              <lines />
            </method>
            <method name="getLocphonenumber" signature="()" line-rate="1" branch-rate="1" complexity="NaN">
              <lines />
            </method>
            <method name="setLocphonenumber" signature="(Ljava/math/BigDecimal;)" line-rate="1" branch-rate="1" complexity="NaN">
              <lines />
            </method>
            <method name="equals" signature="(Ljava/lang/Object;)" line-rate="1" branch-rate="1" complexity="NaN">
              <lines />
            </method>
            <method name="hashCode" signature="()" line-rate="1" branch-rate="1" complexity="NaN">
              <lines />
            </method>
            <method name="toString" signature="()" line-rate="1" branch-rate="1" complexity="NaN">
              <lines />
            </method>
            <method name="toIndentedString" signature="(Ljava/lang/Object;)" line-rate="1" branch-rate="1" complexity="NaN">
              <lines />
            </method>
          </methods>
          <lines />
        </class>
        <class name="com/hubsante/model/cisu/AdditionalInformation" filename="AdditionalInformation.java" line-rate="1" branch-rate="1" complexity="NaN">
          <methods>
            <method name="&lt;init&gt;" signature="()" line-rate="1" branch-rate="1" complexity="NaN">
              <lines />
            </method>
            <method name="customMap" signature="(Lcom/hubsante/model/cisu/CustomMap;)" line-rate="1" branch-rate="1" complexity="NaN">
              <lines />
            </method>
            <method name="getCustomMap" signature="()" line-rate="1" branch-rate="1" complexity="NaN">
              <lines />
            </method>
            <method name="setCustomMap" signature="(Lcom/hubsante/model/cisu/CustomMap;)" line-rate="1" branch-rate="1" complexity="NaN">
              <lines />
            </method>
            <method name="equals" signature="(Ljava/lang/Object;)" line-rate="1" branch-rate="1" complexity="NaN">
              <lines />
            </method>
            <method name="hashCode" signature="()" line-rate="1" branch-rate="1" complexity="NaN">
              <lines />
            </method>
            <method name="toString" signature="()" line-rate="1" branch-rate="1" complexity="NaN">
              <lines />
            </method>
            <method name="toIndentedString" signature="(Ljava/lang/Object;)" line-rate="1" branch-rate="1" complexity="NaN">
              <lines />
            </method>
          </methods>
          <lines />
        </class>
        <class name="com/hubsante/model/cisu/Alert" filename="Alert.java" line-rate="1" branch-rate="1" complexity="NaN">
          <methods>
            <method name="&lt;clinit&gt;" signature="()" line-rate="1" branch-rate="1" complexity="NaN">
              <lines />
            </method>
            <method name="&lt;init&gt;" signature="(Ljava/lang/String;ILjava/lang/String;)" line-rate="1" branch-rate="1" complexity="NaN">
              <lines />
            </method>
            <method name="getValue" signature="()" line-rate="1" branch-rate="1" complexity="NaN">
              <lines />
            </method>
            <method name="toString" signature="()" line-rate="1" branch-rate="1" complexity="NaN">
              <lines />
            </method>
            <method name="fromValue" signature="(Ljava/lang/String;)" line-rate="1" branch-rate="1" complexity="NaN">
              <lines />
            </method>
            <method name="&lt;init&gt;" signature="()" line-rate="1" branch-rate="1" complexity="NaN">
              <lines />
            </method>
            <method name="id" signature="(Ljava/lang/String;)" line-rate="1" branch-rate="1" complexity="NaN">
              <lines />
            </method>
            <method name="getId" signature="()" line-rate="1" branch-rate="1" complexity="NaN">
              <lines />
            </method>
            <method name="setId" signature="(Ljava/lang/String;)" line-rate="1" branch-rate="1" complexity="NaN">
              <lines />
            </method>
            <method name="reception" signature="(Ljava/time/OffsetDateTime;)" line-rate="1" branch-rate="1" complexity="NaN">
              <lines />
            </method>
            <method name="getReception" signature="()" line-rate="1" branch-rate="1" complexity="NaN">
              <lines />
            </method>
            <method name="setReception" signature="(Ljava/time/OffsetDateTime;)" line-rate="1" branch-rate="1" complexity="NaN">
              <lines />
            </method>
            <method name="reporting" signature="(Lcom/hubsante/model/cisu/Alert$ReportingEnum;)" line-rate="1" branch-rate="1" complexity="NaN">
              <lines />
            </method>
            <method name="getReporting" signature="()" line-rate="1" branch-rate="1" complexity="NaN">
              <lines />
            </method>
            <method name="setReporting" signature="(Lcom/hubsante/model/cisu/Alert$ReportingEnum;)" line-rate="1" branch-rate="1" complexity="NaN">
              <lines />
            </method>
            <method name="freetext" signature="(Ljava/lang/String;)" line-rate="1" branch-rate="1" complexity="NaN">
              <lines />
            </method>
            <method name="getFreetext" signature="()" line-rate="1" branch-rate="1" complexity="NaN">
              <lines />
            </method>
            <method name="setFreetext" signature="(Ljava/lang/String;)" line-rate="1" branch-rate="1" complexity="NaN">
              <lines />
            </method>
            <method name="caller" signature="(Lcom/hubsante/model/cisu/Caller;)" line-rate="1" branch-rate="1" complexity="NaN">
              <lines />
            </method>
            <method name="getCaller" signature="()" line-rate="1" branch-rate="1" complexity="NaN">
              <lines />
            </method>
            <method name="setCaller" signature="(Lcom/hubsante/model/cisu/Caller;)" line-rate="1" branch-rate="1" complexity="NaN">
              <lines />
            </method>
            <method name="alertSource" signature="(Lcom/hubsante/model/cisu/ContactSource;)" line-rate="1" branch-rate="1" complexity="NaN">
              <lines />
            </method>
            <method name="getAlertSource" signature="()" line-rate="1" branch-rate="1" complexity="NaN">
              <lines />
            </method>
            <method name="setAlertSource" signature="(Lcom/hubsante/model/cisu/ContactSource;)" line-rate="1" branch-rate="1" complexity="NaN">
              <lines />
            </method>
            <method name="location" signature="(Lcom/hubsante/model/cisu/Location;)" line-rate="1" branch-rate="1" complexity="NaN">
              <lines />
            </method>
            <method name="getLocation" signature="()" line-rate="1" branch-rate="1" complexity="NaN">
              <lines />
            </method>
            <method name="setLocation" signature="(Lcom/hubsante/model/cisu/Location;)" line-rate="1" branch-rate="1" complexity="NaN">
              <lines />
            </method>
            <method name="qualification" signature="(Lcom/hubsante/model/cisu/Qualification;)" line-rate="1" branch-rate="1" complexity="NaN">
              <lines />
            </method>
            <method name="getQualification" signature="()" line-rate="1" branch-rate="1" complexity="NaN">
              <lines />
            </method>
            <method name="setQualification" signature="(Lcom/hubsante/model/cisu/Qualification;)" line-rate="1" branch-rate="1" complexity="NaN">
              <lines />
            </method>
            <method name="callTaker" signature="(Lcom/hubsante/model/cisu/CallTaker;)" line-rate="1" branch-rate="1" complexity="NaN">
              <lines />
            </method>
            <method name="getCallTaker" signature="()" line-rate="1" branch-rate="1" complexity="NaN">
              <lines />
            </method>
            <method name="setCallTaker" signature="(Lcom/hubsante/model/cisu/CallTaker;)" line-rate="1" branch-rate="1" complexity="NaN">
              <lines />
            </method>
            <method name="attachment" signature="(Ljava/util/List;)" line-rate="1" branch-rate="1" complexity="NaN">
              <lines />
            </method>
            <method name="addAttachmentItem" signature="(Lcom/hubsante/model/cisu/Attachment;)" line-rate="1" branch-rate="1" complexity="NaN">
              <lines />
            </method>
            <method name="getAttachment" signature="()" line-rate="1" branch-rate="1" complexity="NaN">
              <lines />
            </method>
            <method name="setAttachment" signature="(Ljava/util/List;)" line-rate="1" branch-rate="1" complexity="NaN">
              <lines />
            </method>
            <method name="equals" signature="(Ljava/lang/Object;)" line-rate="1" branch-rate="1" complexity="NaN">
              <lines />
            </method>
            <method name="hashCode" signature="()" line-rate="1" branch-rate="1" complexity="NaN">
              <lines />
            </method>
            <method name="toString" signature="()" line-rate="1" branch-rate="1" complexity="NaN">
              <lines />
            </method>
            <method name="toIndentedString" signature="(Ljava/lang/Object;)" line-rate="1" branch-rate="1" complexity="NaN">
              <lines />
            </method>
          </methods>
          <lines />
        </class>
        <class name="com/hubsante/model/cisu/Attachment" filename="Attachment.java" line-rate="1" branch-rate="1" complexity="NaN">
          <methods>
            <method name="&lt;init&gt;" signature="()" line-rate="1" branch-rate="1" complexity="NaN">
              <lines />
            </method>
            <method name="description" signature="(Ljava/lang/String;)" line-rate="1" branch-rate="1" complexity="NaN">
              <lines />
            </method>
            <method name="getDescription" signature="()" line-rate="1" branch-rate="1" complexity="NaN">
              <lines />
            </method>
            <method name="setDescription" signature="(Ljava/lang/String;)" line-rate="1" branch-rate="1" complexity="NaN">
              <lines />
            </method>
            <method name="mimeType" signature="(Ljava/lang/String;)" line-rate="1" branch-rate="1" complexity="NaN">
              <lines />
            </method>
            <method name="getMimeType" signature="()" line-rate="1" branch-rate="1" complexity="NaN">
              <lines />
            </method>
            <method name="setMimeType" signature="(Ljava/lang/String;)" line-rate="1" branch-rate="1" complexity="NaN">
              <lines />
            </method>
            <method name="size" signature="(Ljava/lang/Integer;)" line-rate="1" branch-rate="1" complexity="NaN">
              <lines />
            </method>
            <method name="getSize" signature="()" line-rate="1" branch-rate="1" complexity="NaN">
              <lines />
            </method>
            <method name="setSize" signature="(Ljava/lang/Integer;)" line-rate="1" branch-rate="1" complexity="NaN">
              <lines />
            </method>
            <method name="URI" signature="(Ljava/lang/String;)" line-rate="1" branch-rate="1" complexity="NaN">
              <lines />
            </method>
            <method name="getURI" signature="()" line-rate="1" branch-rate="1" complexity="NaN">
              <lines />
            </method>
            <method name="setURI" signature="(Ljava/lang/String;)" line-rate="1" branch-rate="1" complexity="NaN">
              <lines />
            </method>
            <method name="derefURI" signature="(Ljava/lang/String;)" line-rate="1" branch-rate="1" complexity="NaN">
              <lines />
            </method>
            <method name="getDerefURI" signature="()" line-rate="1" branch-rate="1" complexity="NaN">
              <lines />
            </method>
            <method name="setDerefURI" signature="(Ljava/lang/String;)" line-rate="1" branch-rate="1" complexity="NaN">
              <lines />
            </method>
            <method name="digest" signature="(Ljava/lang/String;)" line-rate="1" branch-rate="1" complexity="NaN">
              <lines />
            </method>
            <method name="getDigest" signature="()" line-rate="1" branch-rate="1" complexity="NaN">
              <lines />
            </method>
            <method name="setDigest" signature="(Ljava/lang/String;)" line-rate="1" branch-rate="1" complexity="NaN">
              <lines />
            </method>
            <method name="equals" signature="(Ljava/lang/Object;)" line-rate="1" branch-rate="1" complexity="NaN">
              <lines />
            </method>
            <method name="hashCode" signature="()" line-rate="1" branch-rate="1" complexity="NaN">
              <lines />
            </method>
            <method name="toString" signature="()" line-rate="1" branch-rate="1" complexity="NaN">
              <lines />
            </method>
            <method name="toIndentedString" signature="(Ljava/lang/Object;)" line-rate="1" branch-rate="1" complexity="NaN">
              <lines />
            </method>
          </methods>
          <lines />
        </class>
        <class name="com/hubsante/model/cisu/Caller" filename="Caller.java" line-rate="1" branch-rate="1" complexity="NaN">
          <methods>
            <method name="&lt;init&gt;" signature="()" line-rate="1" branch-rate="1" complexity="NaN">
              <lines />
            </method>
            <method name="callerContact" signature="(Lcom/hubsante/model/cisu/Contact;)" line-rate="1" branch-rate="1" complexity="NaN">
              <lines />
            </method>
            <method name="getCallerContact" signature="()" line-rate="1" branch-rate="1" complexity="NaN">
              <lines />
            </method>
            <method name="setCallerContact" signature="(Lcom/hubsante/model/cisu/Contact;)" line-rate="1" branch-rate="1" complexity="NaN">
              <lines />
            </method>
            <method name="callbackContact" signature="(Lcom/hubsante/model/cisu/Contact;)" line-rate="1" branch-rate="1" complexity="NaN">
              <lines />
            </method>
            <method name="getCallbackContact" signature="()" line-rate="1" branch-rate="1" complexity="NaN">
              <lines />
            </method>
            <method name="setCallbackContact" signature="(Lcom/hubsante/model/cisu/Contact;)" line-rate="1" branch-rate="1" complexity="NaN">
              <lines />
            </method>
            <method name="language" signature="(Ljava/lang/String;)" line-rate="1" branch-rate="1" complexity="NaN">
              <lines />
            </method>
            <method name="getLanguage" signature="()" line-rate="1" branch-rate="1" complexity="NaN">
              <lines />
            </method>
            <method name="setLanguage" signature="(Ljava/lang/String;)" line-rate="1" branch-rate="1" complexity="NaN">
              <lines />
            </method>
            <method name="reqtype" signature="(Ljava/lang/String;)" line-rate="1" branch-rate="1" complexity="NaN">
              <lines />
            </method>
            <method name="getReqtype" signature="()" line-rate="1" branch-rate="1" complexity="NaN">
              <lines />
            </method>
            <method name="setReqtype" signature="(Ljava/lang/String;)" line-rate="1" branch-rate="1" complexity="NaN">
              <lines />
            </method>
            <method name="communication" signature="(Ljava/lang/String;)" line-rate="1" branch-rate="1" complexity="NaN">
              <lines />
            </method>
            <method name="getCommunication" signature="()" line-rate="1" branch-rate="1" complexity="NaN">
              <lines />
            </method>
            <method name="setCommunication" signature="(Ljava/lang/String;)" line-rate="1" branch-rate="1" complexity="NaN">
              <lines />
            </method>
            <method name="freetext" signature="(Ljava/lang/String;)" line-rate="1" branch-rate="1" complexity="NaN">
              <lines />
            </method>
            <method name="getFreetext" signature="()" line-rate="1" branch-rate="1" complexity="NaN">
              <lines />
            </method>
            <method name="setFreetext" signature="(Ljava/lang/String;)" line-rate="1" branch-rate="1" complexity="NaN">
              <lines />
            </method>
            <method name="detailedName" signature="(Lcom/hubsante/model/cisu/DetailedName;)" line-rate="1" branch-rate="1" complexity="NaN">
              <lines />
            </method>
            <method name="getDetailedName" signature="()" line-rate="1" branch-rate="1" complexity="NaN">
              <lines />
            </method>
            <method name="setDetailedName" signature="(Lcom/hubsante/model/cisu/DetailedName;)" line-rate="1" branch-rate="1" complexity="NaN">
              <lines />
            </method>
            <method name="equals" signature="(Ljava/lang/Object;)" line-rate="1" branch-rate="1" complexity="NaN">
              <lines />
            </method>
            <method name="hashCode" signature="()" line-rate="1" branch-rate="1" complexity="NaN">
              <lines />
            </method>
            <method name="toString" signature="()" line-rate="1" branch-rate="1" complexity="NaN">
              <lines />
            </method>
            <method name="toIndentedString" signature="(Ljava/lang/Object;)" line-rate="1" branch-rate="1" complexity="NaN">
              <lines />
            </method>
          </methods>
          <lines />
        </class>
        <class name="com/hubsante/model/cisu/CallTaker" filename="CallTaker.java" line-rate="1" branch-rate="1" complexity="NaN">
          <methods>
            <method name="&lt;init&gt;" signature="()" line-rate="1" branch-rate="1" complexity="NaN">
              <lines />
            </method>
            <method name="organization" signature="(Ljava/lang/String;)" line-rate="1" branch-rate="1" complexity="NaN">
              <lines />
            </method>
            <method name="getOrganization" signature="()" line-rate="1" branch-rate="1" complexity="NaN">
              <lines />
            </method>
            <method name="setOrganization" signature="(Ljava/lang/String;)" line-rate="1" branch-rate="1" complexity="NaN">
              <lines />
            </method>
            <method name="controlRoom" signature="(Ljava/lang/String;)" line-rate="1" branch-rate="1" complexity="NaN">
              <lines />
            </method>
            <method name="getControlRoom" signature="()" line-rate="1" branch-rate="1" complexity="NaN">
              <lines />
            </method>
            <method name="setControlRoom" signature="(Ljava/lang/String;)" line-rate="1" branch-rate="1" complexity="NaN">
              <lines />
            </method>
            <method name="role" signature="(Ljava/lang/String;)" line-rate="1" branch-rate="1" complexity="NaN">
              <lines />
            </method>
            <method name="getRole" signature="()" line-rate="1" branch-rate="1" complexity="NaN">
              <lines />
            </method>
            <method name="setRole" signature="(Ljava/lang/String;)" line-rate="1" branch-rate="1" complexity="NaN">
              <lines />
            </method>
            <method name="calltakeContact" signature="(Lcom/hubsante/model/cisu/Contact;)" line-rate="1" branch-rate="1" complexity="NaN">
              <lines />
            </method>
            <method name="getCalltakeContact" signature="()" line-rate="1" branch-rate="1" complexity="NaN">
              <lines />
            </method>
            <method name="setCalltakeContact" signature="(Lcom/hubsante/model/cisu/Contact;)" line-rate="1" branch-rate="1" complexity="NaN">
              <lines />
            </method>
            <method name="calltakerId" signature="(Ljava/lang/String;)" line-rate="1" branch-rate="1" complexity="NaN">
              <lines />
            </method>
            <method name="getCalltakerId" signature="()" line-rate="1" branch-rate="1" complexity="NaN">
              <lines />
            </method>
            <method name="setCalltakerId" signature="(Ljava/lang/String;)" line-rate="1" branch-rate="1" complexity="NaN">
              <lines />
            </method>
            <method name="equals" signature="(Ljava/lang/Object;)" line-rate="1" branch-rate="1" complexity="NaN">
              <lines />
            </method>
            <method name="hashCode" signature="()" line-rate="1" branch-rate="1" complexity="NaN">
              <lines />
            </method>
            <method name="toString" signature="()" line-rate="1" branch-rate="1" complexity="NaN">
              <lines />
            </method>
            <method name="toIndentedString" signature="(Ljava/lang/Object;)" line-rate="1" branch-rate="1" complexity="NaN">
              <lines />
            </method>
          </methods>
          <lines />
        </class>
        <class name="com/hubsante/model/cisu/City" filename="City.java" line-rate="1" branch-rate="1" complexity="NaN">
          <methods>
            <method name="&lt;init&gt;" signature="()" line-rate="1" branch-rate="1" complexity="NaN">
              <lines />
            </method>
            <method name="name" signature="(Ljava/lang/String;)" line-rate="1" branch-rate="1" complexity="NaN">
              <lines />
            </method>
            <method name="getName" signature="()" line-rate="1" branch-rate="1" complexity="NaN">
              <lines />
            </method>
            <method name="setName" signature="(Ljava/lang/String;)" line-rate="1" branch-rate="1" complexity="NaN">
              <lines />
            </method>
            <method name="inseeCode" signature="(Ljava/lang/String;)" line-rate="1" branch-rate="1" complexity="NaN">
              <lines />
            </method>
            <method name="getInseeCode" signature="()" line-rate="1" branch-rate="1" complexity="NaN">
              <lines />
            </method>
            <method name="setInseeCode" signature="(Ljava/lang/String;)" line-rate="1" branch-rate="1" complexity="NaN">
              <lines />
            </method>
            <method name="detail" signature="(Ljava/lang/String;)" line-rate="1" branch-rate="1" complexity="NaN">
              <lines />
            </method>
            <method name="getDetail" signature="()" line-rate="1" branch-rate="1" complexity="NaN">
              <lines />
            </method>
            <method name="setDetail" signature="(Ljava/lang/String;)" line-rate="1" branch-rate="1" complexity="NaN">
              <lines />
            </method>
            <method name="equals" signature="(Ljava/lang/Object;)" line-rate="1" branch-rate="1" complexity="NaN">
              <lines />
            </method>
            <method name="hashCode" signature="()" line-rate="1" branch-rate="1" complexity="NaN">
              <lines />
            </method>
            <method name="toString" signature="()" line-rate="1" branch-rate="1" complexity="NaN">
              <lines />
            </method>
            <method name="toIndentedString" signature="(Ljava/lang/Object;)" line-rate="1" branch-rate="1" complexity="NaN">
              <lines />
            </method>
          </methods>
          <lines />
        </class>
        <class name="com/hubsante/model/cisu/Contact" filename="Contact.java" line-rate="1" branch-rate="1" complexity="NaN">
          <methods>
            <method name="&lt;clinit&gt;" signature="()" line-rate="1" branch-rate="1" complexity="NaN">
              <lines />
            </method>
            <method name="&lt;init&gt;" signature="(Ljava/lang/String;ILjava/lang/String;)" line-rate="1" branch-rate="1" complexity="NaN">
              <lines />
            </method>
            <method name="getValue" signature="()" line-rate="1" branch-rate="1" complexity="NaN">
              <lines />
            </method>
            <method name="toString" signature="()" line-rate="1" branch-rate="1" complexity="NaN">
              <lines />
            </method>
            <method name="fromValue" signature="(Ljava/lang/String;)" line-rate="1" branch-rate="1" complexity="NaN">
              <lines />
            </method>
            <method name="&lt;init&gt;" signature="()" line-rate="1" branch-rate="1" complexity="NaN">
              <lines />
            </method>
            <method name="type" signature="(Lcom/hubsante/model/cisu/Contact$TypeEnum;)" line-rate="1" branch-rate="1" complexity="NaN">
              <lines />
            </method>
            <method name="getType" signature="()" line-rate="1" branch-rate="1" complexity="NaN">
              <lines />
            </method>
            <method name="setType" signature="(Lcom/hubsante/model/cisu/Contact$TypeEnum;)" line-rate="1" branch-rate="1" complexity="NaN">
              <lines />
            </method>
            <method name="detail" signature="(Ljava/lang/String;)" line-rate="1" branch-rate="1" complexity="NaN">
              <lines />
            </method>
            <method name="getDetail" signature="()" line-rate="1" branch-rate="1" complexity="NaN">
              <lines />
            </method>
            <method name="setDetail" signature="(Ljava/lang/String;)" line-rate="1" branch-rate="1" complexity="NaN">
              <lines />
            </method>
            <method name="equals" signature="(Ljava/lang/Object;)" line-rate="1" branch-rate="1" complexity="NaN">
              <lines />
            </method>
            <method name="hashCode" signature="()" line-rate="1" branch-rate="1" complexity="NaN">
              <lines />
            </method>
            <method name="toString" signature="()" line-rate="1" branch-rate="1" complexity="NaN">
              <lines />
            </method>
            <method name="toIndentedString" signature="(Ljava/lang/Object;)" line-rate="1" branch-rate="1" complexity="NaN">
              <lines />
            </method>
          </methods>
          <lines />
        </class>
        <class name="com/hubsante/model/cisu/ContactSource" filename="ContactSource.java" line-rate="1" branch-rate="1" complexity="NaN">
          <methods>
            <method name="&lt;clinit&gt;" signature="()" line-rate="1" branch-rate="1" complexity="NaN">
              <lines />
            </method>
            <method name="&lt;init&gt;" signature="(Ljava/lang/String;ILjava/lang/String;)" line-rate="1" branch-rate="1" complexity="NaN">
              <lines />
            </method>
            <method name="getValue" signature="()" line-rate="1" branch-rate="1" complexity="NaN">
              <lines />
            </method>
            <method name="toString" signature="()" line-rate="1" branch-rate="1" complexity="NaN">
              <lines />
            </method>
            <method name="fromValue" signature="(Ljava/lang/String;)" line-rate="1" branch-rate="1" complexity="NaN">
              <lines />
            </method>
            <method name="&lt;init&gt;" signature="()" line-rate="1" branch-rate="1" complexity="NaN">
              <lines />
            </method>
            <method name="channel" signature="(Ljava/lang/String;)" line-rate="1" branch-rate="1" complexity="NaN">
              <lines />
            </method>
            <method name="getChannel" signature="()" line-rate="1" branch-rate="1" complexity="NaN">
              <lines />
            </method>
            <method name="setChannel" signature="(Ljava/lang/String;)" line-rate="1" branch-rate="1" complexity="NaN">
              <lines />
            </method>
            <method name="type" signature="(Lcom/hubsante/model/cisu/ContactSource$TypeEnum;)" line-rate="1" branch-rate="1" complexity="NaN">
              <lines />
            </method>
            <method name="getType" signature="()" line-rate="1" branch-rate="1" complexity="NaN">
              <lines />
            </method>
            <method name="setType" signature="(Lcom/hubsante/model/cisu/ContactSource$TypeEnum;)" line-rate="1" branch-rate="1" complexity="NaN">
              <lines />
            </method>
            <method name="detail" signature="(Ljava/lang/String;)" line-rate="1" branch-rate="1" complexity="NaN">
              <lines />
            </method>
            <method name="getDetail" signature="()" line-rate="1" branch-rate="1" complexity="NaN">
              <lines />
            </method>
            <method name="setDetail" signature="(Ljava/lang/String;)" line-rate="1" branch-rate="1" complexity="NaN">
              <lines />
            </method>
            <method name="equals" signature="(Ljava/lang/Object;)" line-rate="1" branch-rate="1" complexity="NaN">
              <lines />
            </method>
            <method name="hashCode" signature="()" line-rate="1" branch-rate="1" complexity="NaN">
              <lines />
            </method>
            <method name="toString" signature="()" line-rate="1" branch-rate="1" complexity="NaN">
              <lines />
            </method>
            <method name="toIndentedString" signature="(Ljava/lang/Object;)" line-rate="1" branch-rate="1" complexity="NaN">
              <lines />
            </method>
          </methods>
          <lines />
        </class>
        <class name="com/hubsante/model/cisu/Coord" filename="Coord.java" line-rate="1" branch-rate="1" complexity="NaN">
          <methods>
            <method name="&lt;clinit&gt;" signature="()" line-rate="1" branch-rate="1" complexity="NaN">
              <lines />
            </method>
            <method name="&lt;init&gt;" signature="(Ljava/lang/String;ILjava/lang/String;)" line-rate="1" branch-rate="1" complexity="NaN">
              <lines />
            </method>
            <method name="getValue" signature="()" line-rate="1" branch-rate="1" complexity="NaN">
              <lines />
            </method>
            <method name="toString" signature="()" line-rate="1" branch-rate="1" complexity="NaN">
              <lines />
            </method>
            <method name="fromValue" signature="(Ljava/lang/String;)" line-rate="1" branch-rate="1" complexity="NaN">
              <lines />
            </method>
            <method name="&lt;init&gt;" signature="()" line-rate="1" branch-rate="1" complexity="NaN">
              <lines />
            </method>
            <method name="lat" signature="(Ljava/math/BigDecimal;)" line-rate="1" branch-rate="1" complexity="NaN">
              <lines />
            </method>
            <method name="getLat" signature="()" line-rate="1" branch-rate="1" complexity="NaN">
              <lines />
            </method>
            <method name="setLat" signature="(Ljava/math/BigDecimal;)" line-rate="1" branch-rate="1" complexity="NaN">
              <lines />
            </method>
            <method name="lon" signature="(Ljava/math/BigDecimal;)" line-rate="1" branch-rate="1" complexity="NaN">
              <lines />
            </method>
            <method name="getLon" signature="()" line-rate="1" branch-rate="1" complexity="NaN">
              <lines />
            </method>
            <method name="setLon" signature="(Ljava/math/BigDecimal;)" line-rate="1" branch-rate="1" complexity="NaN">
              <lines />
            </method>
            <method name="height" signature="(Ljava/math/BigDecimal;)" line-rate="1" branch-rate="1" complexity="NaN">
              <lines />
            </method>
            <method name="getHeight" signature="()" line-rate="1" branch-rate="1" complexity="NaN">
              <lines />
            </method>
            <method name="setHeight" signature="(Ljava/math/BigDecimal;)" line-rate="1" branch-rate="1" complexity="NaN">
              <lines />
            </method>
            <method name="heading" signature="(Ljava/math/BigDecimal;)" line-rate="1" branch-rate="1" complexity="NaN">
              <lines />
            </method>
            <method name="getHeading" signature="()" line-rate="1" branch-rate="1" complexity="NaN">
              <lines />
            </method>
            <method name="setHeading" signature="(Ljava/math/BigDecimal;)" line-rate="1" branch-rate="1" complexity="NaN">
              <lines />
            </method>
            <method name="speed" signature="(Ljava/math/BigDecimal;)" line-rate="1" branch-rate="1" complexity="NaN">
              <lines />
            </method>
            <method name="getSpeed" signature="()" line-rate="1" branch-rate="1" complexity="NaN">
              <lines />
            </method>
            <method name="setSpeed" signature="(Ljava/math/BigDecimal;)" line-rate="1" branch-rate="1" complexity="NaN">
              <lines />
            </method>
            <method name="precision" signature="(Lcom/hubsante/model/cisu/Coord$PrecisionEnum;)" line-rate="1" branch-rate="1" complexity="NaN">
              <lines />
            </method>
            <method name="getPrecision" signature="()" line-rate="1" branch-rate="1" complexity="NaN">
              <lines />
            </method>
            <method name="setPrecision" signature="(Lcom/hubsante/model/cisu/Coord$PrecisionEnum;)" line-rate="1" branch-rate="1" complexity="NaN">
              <lines />
            </method>
            <method name="equals" signature="(Ljava/lang/Object;)" line-rate="1" branch-rate="1" complexity="NaN">
              <lines />
            </method>
            <method name="hashCode" signature="()" line-rate="1" branch-rate="1" complexity="NaN">
              <lines />
            </method>
            <method name="toString" signature="()" line-rate="1" branch-rate="1" complexity="NaN">
              <lines />
            </method>
            <method name="toIndentedString" signature="(Ljava/lang/Object;)" line-rate="1" branch-rate="1" complexity="NaN">
              <lines />
            </method>
          </methods>
          <lines />
        </class>
        <class name="com/hubsante/model/cisu/CreateCase" filename="CreateCase.java" line-rate="1" branch-rate="1" complexity="NaN">
          <methods>
            <method name="&lt;init&gt;" signature="()" line-rate="1" branch-rate="1" complexity="NaN">
              <lines />
            </method>
            <method name="caseId" signature="(Ljava/lang/String;)" line-rate="1" branch-rate="1" complexity="NaN">
              <lines />
            </method>
            <method name="getCaseId" signature="()" line-rate="1" branch-rate="1" complexity="NaN">
              <lines />
            </method>
            <method name="setCaseId" signature="(Ljava/lang/String;)" line-rate="1" branch-rate="1" complexity="NaN">
              <lines />
            </method>
            <method name="senderCaseId" signature="(Ljava/lang/String;)" line-rate="1" branch-rate="1" complexity="NaN">
              <lines />
            </method>
            <method name="getSenderCaseId" signature="()" line-rate="1" branch-rate="1" complexity="NaN">
              <lines />
            </method>
            <method name="setSenderCaseId" signature="(Ljava/lang/String;)" line-rate="1" branch-rate="1" complexity="NaN">
              <lines />
            </method>
            <method name="creation" signature="(Ljava/time/OffsetDateTime;)" line-rate="1" branch-rate="1" complexity="NaN">
              <lines />
            </method>
            <method name="getCreation" signature="()" line-rate="1" branch-rate="1" complexity="NaN">
              <lines />
            </method>
            <method name="setCreation" signature="(Ljava/time/OffsetDateTime;)" line-rate="1" branch-rate="1" complexity="NaN">
              <lines />
            </method>
            <method name="referenceVersion" signature="(Ljava/lang/String;)" line-rate="1" branch-rate="1" complexity="NaN">
              <lines />
            </method>
            <method name="getReferenceVersion" signature="()" line-rate="1" branch-rate="1" complexity="NaN">
              <lines />
            </method>
            <method name="setReferenceVersion" signature="(Ljava/lang/String;)" line-rate="1" branch-rate="1" complexity="NaN">
              <lines />
            </method>
            <method name="qualification" signature="(Lcom/hubsante/model/cisu/Qualification;)" line-rate="1" branch-rate="1" complexity="NaN">
              <lines />
            </method>
            <method name="getQualification" signature="()" line-rate="1" branch-rate="1" complexity="NaN">
              <lines />
            </method>
            <method name="setQualification" signature="(Lcom/hubsante/model/cisu/Qualification;)" line-rate="1" branch-rate="1" complexity="NaN">
              <lines />
            </method>
            <method name="location" signature="(Lcom/hubsante/model/cisu/Location;)" line-rate="1" branch-rate="1" complexity="NaN">
              <lines />
            </method>
            <method name="getLocation" signature="()" line-rate="1" branch-rate="1" complexity="NaN">
              <lines />
            </method>
            <method name="setLocation" signature="(Lcom/hubsante/model/cisu/Location;)" line-rate="1" branch-rate="1" complexity="NaN">
              <lines />
            </method>
            <method name="initialAlert" signature="(Lcom/hubsante/model/cisu/Alert;)" line-rate="1" branch-rate="1" complexity="NaN">
              <lines />
            </method>
            <method name="getInitialAlert" signature="()" line-rate="1" branch-rate="1" complexity="NaN">
              <lines />
            </method>
            <method name="setInitialAlert" signature="(Lcom/hubsante/model/cisu/Alert;)" line-rate="1" branch-rate="1" complexity="NaN">
              <lines />
            </method>
            <method name="newAlert" signature="(Ljava/util/List;)" line-rate="1" branch-rate="1" complexity="NaN">
              <lines />
            </method>
            <method name="addNewAlertItem" signature="(Lcom/hubsante/model/cisu/Alert;)" line-rate="1" branch-rate="1" complexity="NaN">
              <lines />
            </method>
            <method name="getNewAlert" signature="()" line-rate="1" branch-rate="1" complexity="NaN">
              <lines />
            </method>
            <method name="setNewAlert" signature="(Ljava/util/List;)" line-rate="1" branch-rate="1" complexity="NaN">
              <lines />
            </method>
            <method name="additionalInformation" signature="(Lcom/hubsante/model/cisu/AdditionalInformation;)" line-rate="1" branch-rate="1" complexity="NaN">
              <lines />
            </method>
            <method name="getAdditionalInformation" signature="()" line-rate="1" branch-rate="1" complexity="NaN">
              <lines />
            </method>
            <method name="setAdditionalInformation" signature="(Lcom/hubsante/model/cisu/AdditionalInformation;)" line-rate="1" branch-rate="1" complexity="NaN">
              <lines />
            </method>
            <method name="freetext" signature="(Ljava/lang/String;)" line-rate="1" branch-rate="1" complexity="NaN">
              <lines />
            </method>
            <method name="getFreetext" signature="()" line-rate="1" branch-rate="1" complexity="NaN">
              <lines />
            </method>
            <method name="setFreetext" signature="(Ljava/lang/String;)" line-rate="1" branch-rate="1" complexity="NaN">
              <lines />
            </method>
            <method name="equals" signature="(Ljava/lang/Object;)" line-rate="1" branch-rate="1" complexity="NaN">
              <lines />
            </method>
            <method name="hashCode" signature="()" line-rate="1" branch-rate="1" complexity="NaN">
              <lines />
            </method>
            <method name="toString" signature="()" line-rate="1" branch-rate="1" complexity="NaN">
              <lines />
            </method>
            <method name="toIndentedString" signature="(Ljava/lang/Object;)" line-rate="1" branch-rate="1" complexity="NaN">
              <lines />
            </method>
          </methods>
          <lines />
        </class>
        <class name="com/hubsante/model/cisu/CreateCaseWrapper" filename="CreateCaseWrapper.java" line-rate="1" branch-rate="1" complexity="NaN">
          <methods>
            <method name="&lt;init&gt;" signature="()" line-rate="1" branch-rate="1" complexity="NaN">
              <lines />
            </method>
            <method name="createCase" signature="(Lcom/hubsante/model/cisu/CreateCase;)" line-rate="1" branch-rate="1" complexity="NaN">
              <lines />
            </method>
            <method name="getCreateCase" signature="()" line-rate="1" branch-rate="1" complexity="NaN">
              <lines />
            </method>
            <method name="setCreateCase" signature="(Lcom/hubsante/model/cisu/CreateCase;)" line-rate="1" branch-rate="1" complexity="NaN">
              <lines />
            </method>
            <method name="equals" signature="(Ljava/lang/Object;)" line-rate="1" branch-rate="1" complexity="NaN">
              <lines />
            </method>
            <method name="hashCode" signature="()" line-rate="1" branch-rate="1" complexity="NaN">
              <lines />
            </method>
            <method name="toString" signature="()" line-rate="1" branch-rate="1" complexity="NaN">
              <lines />
            </method>
            <method name="toIndentedString" signature="(Ljava/lang/Object;)" line-rate="1" branch-rate="1" complexity="NaN">
              <lines />
            </method>
          </methods>
          <lines />
        </class>
        <class name="com/hubsante/model/cisu/CustomMap" filename="CustomMap.java" line-rate="1" branch-rate="1" complexity="NaN">
          <methods>
            <method name="&lt;init&gt;" signature="()" line-rate="1" branch-rate="1" complexity="NaN">
              <lines />
            </method>
            <method name="key" signature="(Ljava/lang/String;)" line-rate="1" branch-rate="1" complexity="NaN">
              <lines />
            </method>
            <method name="getKey" signature="()" line-rate="1" branch-rate="1" complexity="NaN">
              <lines />
            </method>
            <method name="setKey" signature="(Ljava/lang/String;)" line-rate="1" branch-rate="1" complexity="NaN">
              <lines />
            </method>
            <method name="label" signature="(Ljava/lang/String;)" line-rate="1" branch-rate="1" complexity="NaN">
              <lines />
            </method>
            <method name="getLabel" signature="()" line-rate="1" branch-rate="1" complexity="NaN">
              <lines />
            </method>
            <method name="setLabel" signature="(Ljava/lang/String;)" line-rate="1" branch-rate="1" complexity="NaN">
              <lines />
            </method>
            <method name="value" signature="(Ljava/lang/String;)" line-rate="1" branch-rate="1" complexity="NaN">
              <lines />
            </method>
            <method name="getValue" signature="()" line-rate="1" branch-rate="1" complexity="NaN">
              <lines />
            </method>
            <method name="setValue" signature="(Ljava/lang/String;)" line-rate="1" branch-rate="1" complexity="NaN">
              <lines />
            </method>
            <method name="freetext" signature="(Ljava/lang/String;)" line-rate="1" branch-rate="1" complexity="NaN">
              <lines />
            </method>
            <method name="getFreetext" signature="()" line-rate="1" branch-rate="1" complexity="NaN">
              <lines />
            </method>
            <method name="setFreetext" signature="(Ljava/lang/String;)" line-rate="1" branch-rate="1" complexity="NaN">
              <lines />
            </method>
            <method name="equals" signature="(Ljava/lang/Object;)" line-rate="1" branch-rate="1" complexity="NaN">
              <lines />
            </method>
            <method name="hashCode" signature="()" line-rate="1" branch-rate="1" complexity="NaN">
              <lines />
            </method>
            <method name="toString" signature="()" line-rate="1" branch-rate="1" complexity="NaN">
              <lines />
            </method>
            <method name="toIndentedString" signature="(Ljava/lang/Object;)" line-rate="1" branch-rate="1" complexity="NaN">
              <lines />
            </method>
          </methods>
          <lines />
        </class>
        <class name="com/hubsante/model/cisu/DetailedAdress" filename="DetailedAdress.java" line-rate="1" branch-rate="1" complexity="NaN">
          <methods>
            <method name="&lt;init&gt;" signature="()" line-rate="1" branch-rate="1" complexity="NaN">
              <lines />
            </method>
            <method name="complete" signature="(Ljava/lang/String;)" line-rate="1" branch-rate="1" complexity="NaN">
              <lines />
            </method>
            <method name="getComplete" signature="()" line-rate="1" branch-rate="1" complexity="NaN">
              <lines />
            </method>
            <method name="setComplete" signature="(Ljava/lang/String;)" line-rate="1" branch-rate="1" complexity="NaN">
              <lines />
            </method>
            <method name="number" signature="(Ljava/lang/String;)" line-rate="1" branch-rate="1" complexity="NaN">
              <lines />
            </method>
            <method name="getNumber" signature="()" line-rate="1" branch-rate="1" complexity="NaN">
              <lines />
            </method>
            <method name="setNumber" signature="(Ljava/lang/String;)" line-rate="1" branch-rate="1" complexity="NaN">
              <lines />
            </method>
            <method name="wayName" signature="(Lcom/hubsante/model/cisu/WayName;)" line-rate="1" branch-rate="1" complexity="NaN">
              <lines />
            </method>
            <method name="getWayName" signature="()" line-rate="1" branch-rate="1" complexity="NaN">
              <lines />
            </method>
            <method name="setWayName" signature="(Lcom/hubsante/model/cisu/WayName;)" line-rate="1" branch-rate="1" complexity="NaN">
              <lines />
            </method>
            <method name="equals" signature="(Ljava/lang/Object;)" line-rate="1" branch-rate="1" complexity="NaN">
              <lines />
            </method>
            <method name="hashCode" signature="()" line-rate="1" branch-rate="1" complexity="NaN">
              <lines />
            </method>
            <method name="toString" signature="()" line-rate="1" branch-rate="1" complexity="NaN">
              <lines />
            </method>
            <method name="toIndentedString" signature="(Ljava/lang/Object;)" line-rate="1" branch-rate="1" complexity="NaN">
              <lines />
            </method>
          </methods>
          <lines />
        </class>
        <class name="com/hubsante/model/cisu/DetailedName" filename="DetailedName.java" line-rate="1" branch-rate="1" complexity="NaN">
          <methods>
            <method name="&lt;init&gt;" signature="()" line-rate="1" branch-rate="1" complexity="NaN">
              <lines />
            </method>
            <method name="complete" signature="(Ljava/lang/String;)" line-rate="1" branch-rate="1" complexity="NaN">
              <lines />
            </method>
            <method name="getComplete" signature="()" line-rate="1" branch-rate="1" complexity="NaN">
              <lines />
            </method>
            <method name="setComplete" signature="(Ljava/lang/String;)" line-rate="1" branch-rate="1" complexity="NaN">
              <lines />
            </method>
            <method name="lastName" signature="(Ljava/lang/String;)" line-rate="1" branch-rate="1" complexity="NaN">
              <lines />
            </method>
            <method name="getLastName" signature="()" line-rate="1" branch-rate="1" complexity="NaN">
              <lines />
            </method>
            <method name="setLastName" signature="(Ljava/lang/String;)" line-rate="1" branch-rate="1" complexity="NaN">
              <lines />
            </method>
            <method name="firstName" signature="(Ljava/lang/String;)" line-rate="1" branch-rate="1" complexity="NaN">
              <lines />
            </method>
            <method name="getFirstName" signature="()" line-rate="1" branch-rate="1" complexity="NaN">
              <lines />
            </method>
            <method name="setFirstName" signature="(Ljava/lang/String;)" line-rate="1" branch-rate="1" complexity="NaN">
              <lines />
            </method>
            <method name="equals" signature="(Ljava/lang/Object;)" line-rate="1" branch-rate="1" complexity="NaN">
              <lines />
            </method>
            <method name="hashCode" signature="()" line-rate="1" branch-rate="1" complexity="NaN">
              <lines />
            </method>
            <method name="toString" signature="()" line-rate="1" branch-rate="1" complexity="NaN">
              <lines />
            </method>
            <method name="toIndentedString" signature="(Ljava/lang/Object;)" line-rate="1" branch-rate="1" complexity="NaN">
              <lines />
            </method>
          </methods>
          <lines />
        </class>
        <class name="com/hubsante/model/cisu/ExternalInfo" filename="ExternalInfo.java" line-rate="1" branch-rate="1" complexity="NaN">
          <methods>
            <method name="&lt;clinit&gt;" signature="()" line-rate="1" branch-rate="1" complexity="NaN">
              <lines />
            </method>
            <method name="&lt;init&gt;" signature="(Ljava/lang/String;ILjava/lang/String;)" line-rate="1" branch-rate="1" complexity="NaN">
              <lines />
            </method>
            <method name="getValue" signature="()" line-rate="1" branch-rate="1" complexity="NaN">
              <lines />
            </method>
            <method name="toString" signature="()" line-rate="1" branch-rate="1" complexity="NaN">
              <lines />
            </method>
            <method name="fromValue" signature="(Ljava/lang/String;)" line-rate="1" branch-rate="1" complexity="NaN">
              <lines />
            </method>
            <method name="&lt;clinit&gt;" signature="()" line-rate="1" branch-rate="1" complexity="NaN">
              <lines />
            </method>
            <method name="&lt;init&gt;" signature="(Ljava/lang/String;ILjava/lang/String;)" line-rate="1" branch-rate="1" complexity="NaN">
              <lines />
            </method>
            <method name="getValue" signature="()" line-rate="1" branch-rate="1" complexity="NaN">
              <lines />
            </method>
            <method name="toString" signature="()" line-rate="1" branch-rate="1" complexity="NaN">
              <lines />
            </method>
            <method name="fromValue" signature="(Ljava/lang/String;)" line-rate="1" branch-rate="1" complexity="NaN">
              <lines />
            </method>
            <method name="&lt;init&gt;" signature="()" line-rate="1" branch-rate="1" complexity="NaN">
              <lines />
            </method>
            <method name="freetext" signature="(Lcom/hubsante/model/cisu/ExternalInfo$FreetextEnum;)" line-rate="1" branch-rate="1" complexity="NaN">
              <lines />
            </method>
            <method name="getFreetext" signature="()" line-rate="1" branch-rate="1" complexity="NaN">
              <lines />
            </method>
            <method name="setFreetext" signature="(Lcom/hubsante/model/cisu/ExternalInfo$FreetextEnum;)" line-rate="1" branch-rate="1" complexity="NaN">
              <lines />
            </method>
            <method name="type" signature="(Lcom/hubsante/model/cisu/ExternalInfo$TypeEnum;)" line-rate="1" branch-rate="1" complexity="NaN">
              <lines />
            </method>
            <method name="getType" signature="()" line-rate="1" branch-rate="1" complexity="NaN">
              <lines />
            </method>
            <method name="setType" signature="(Lcom/hubsante/model/cisu/ExternalInfo$TypeEnum;)" line-rate="1" branch-rate="1" complexity="NaN">
              <lines />
            </method>
            <method name="uri" signature="(Ljava/lang/String;)" line-rate="1" branch-rate="1" complexity="NaN">
              <lines />
            </method>
            <method name="getUri" signature="()" line-rate="1" branch-rate="1" complexity="NaN">
              <lines />
            </method>
            <method name="setUri" signature="(Ljava/lang/String;)" line-rate="1" branch-rate="1" complexity="NaN">
              <lines />
            </method>
            <method name="equals" signature="(Ljava/lang/Object;)" line-rate="1" branch-rate="1" complexity="NaN">
              <lines />
            </method>
            <method name="hashCode" signature="()" line-rate="1" branch-rate="1" complexity="NaN">
              <lines />
            </method>
            <method name="toString" signature="()" line-rate="1" branch-rate="1" complexity="NaN">
              <lines />
            </method>
            <method name="toIndentedString" signature="(Ljava/lang/Object;)" line-rate="1" branch-rate="1" complexity="NaN">
              <lines />
            </method>
          </methods>
          <lines />
        </class>
        <class name="com/hubsante/model/cisu/Geometry" filename="Geometry.java" line-rate="1" branch-rate="1" complexity="NaN">
          <methods>
            <method name="&lt;init&gt;" signature="()" line-rate="1" branch-rate="1" complexity="NaN">
              <lines />
            </method>
            <method name="obsDatime" signature="(Ljava/time/OffsetDateTime;)" line-rate="1" branch-rate="1" complexity="NaN">
              <lines />
            </method>
            <method name="getObsDatime" signature="()" line-rate="1" branch-rate="1" complexity="NaN">
              <lines />
            </method>
            <method name="setObsDatime" signature="(Ljava/time/OffsetDateTime;)" line-rate="1" branch-rate="1" complexity="NaN">
              <lines />
            </method>
            <method name="point" signature="(Lcom/hubsante/model/cisu/Point;)" line-rate="1" branch-rate="1" complexity="NaN">
              <lines />
            </method>
            <method name="getPoint" signature="()" line-rate="1" branch-rate="1" complexity="NaN">
              <lines />
            </method>
            <method name="setPoint" signature="(Lcom/hubsante/model/cisu/Point;)" line-rate="1" branch-rate="1" complexity="NaN">
              <lines />
            </method>
            <method name="sketch" signature="(Ljava/lang/String;)" line-rate="1" branch-rate="1" complexity="NaN">
              <lines />
            </method>
            <method name="getSketch" signature="()" line-rate="1" branch-rate="1" complexity="NaN">
              <lines />
            </method>
            <method name="setSketch" signature="(Ljava/lang/String;)" line-rate="1" branch-rate="1" complexity="NaN">
              <lines />
            </method>
            <method name="equals" signature="(Ljava/lang/Object;)" line-rate="1" branch-rate="1" complexity="NaN">
              <lines />
            </method>
            <method name="hashCode" signature="()" line-rate="1" branch-rate="1" complexity="NaN">
              <lines />
            </method>
            <method name="toString" signature="()" line-rate="1" branch-rate="1" complexity="NaN">
              <lines />
            </method>
            <method name="toIndentedString" signature="(Ljava/lang/Object;)" line-rate="1" branch-rate="1" complexity="NaN">
              <lines />
            </method>
          </methods>
          <lines />
        </class>
        <class name="com/hubsante/model/cisu/Location" filename="Location.java" line-rate="1" branch-rate="1" complexity="NaN">
          <methods>
            <method name="&lt;init&gt;" signature="()" line-rate="1" branch-rate="1" complexity="NaN">
              <lines />
            </method>
            <method name="locID" signature="(Ljava/lang/String;)" line-rate="1" branch-rate="1" complexity="NaN">
              <lines />
            </method>
            <method name="getLocID" signature="()" line-rate="1" branch-rate="1" complexity="NaN">
              <lines />
            </method>
            <method name="setLocID" signature="(Ljava/lang/String;)" line-rate="1" branch-rate="1" complexity="NaN">
              <lines />
            </method>
            <method name="locLabel" signature="(Ljava/lang/String;)" line-rate="1" branch-rate="1" complexity="NaN">
              <lines />
            </method>
            <method name="getLocLabel" signature="()" line-rate="1" branch-rate="1" complexity="NaN">
              <lines />
            </method>
            <method name="setLocLabel" signature="(Ljava/lang/String;)" line-rate="1" branch-rate="1" complexity="NaN">
              <lines />
            </method>
            <method name="name" signature="(Ljava/lang/String;)" line-rate="1" branch-rate="1" complexity="NaN">
              <lines />
            </method>
            <method name="getName" signature="()" line-rate="1" branch-rate="1" complexity="NaN">
              <lines />
            </method>
            <method name="setName" signature="(Ljava/lang/String;)" line-rate="1" branch-rate="1" complexity="NaN">
              <lines />
            </method>
            <method name="detailedAdress" signature="(Lcom/hubsante/model/cisu/DetailedAdress;)" line-rate="1" branch-rate="1" complexity="NaN">
              <lines />
            </method>
            <method name="getDetailedAdress" signature="()" line-rate="1" branch-rate="1" complexity="NaN">
              <lines />
            </method>
            <method name="setDetailedAdress" signature="(Lcom/hubsante/model/cisu/DetailedAdress;)" line-rate="1" branch-rate="1" complexity="NaN">
              <lines />
            </method>
            <method name="city" signature="(Lcom/hubsante/model/cisu/City;)" line-rate="1" branch-rate="1" complexity="NaN">
              <lines />
            </method>
            <method name="getCity" signature="()" line-rate="1" branch-rate="1" complexity="NaN">
              <lines />
            </method>
            <method name="setCity" signature="(Lcom/hubsante/model/cisu/City;)" line-rate="1" branch-rate="1" complexity="NaN">
              <lines />
            </method>
            <method name="access" signature="(Lcom/hubsante/model/cisu/Access;)" line-rate="1" branch-rate="1" complexity="NaN">
              <lines />
            </method>
            <method name="getAccess" signature="()" line-rate="1" branch-rate="1" complexity="NaN">
              <lines />
            </method>
            <method name="setAccess" signature="(Lcom/hubsante/model/cisu/Access;)" line-rate="1" branch-rate="1" complexity="NaN">
              <lines />
            </method>
            <method name="geometry" signature="(Lcom/hubsante/model/cisu/Geometry;)" line-rate="1" branch-rate="1" complexity="NaN">
              <lines />
            </method>
            <method name="getGeometry" signature="()" line-rate="1" branch-rate="1" complexity="NaN">
              <lines />
            </method>
            <method name="setGeometry" signature="(Lcom/hubsante/model/cisu/Geometry;)" line-rate="1" branch-rate="1" complexity="NaN">
              <lines />
            </method>
            <method name="externalInfo" signature="(Ljava/util/List;)" line-rate="1" branch-rate="1" complexity="NaN">
              <lines />
            </method>
            <method name="addExternalInfoItem" signature="(Lcom/hubsante/model/cisu/ExternalInfo;)" line-rate="1" branch-rate="1" complexity="NaN">
              <lines />
            </method>
            <method name="getExternalInfo" signature="()" line-rate="1" branch-rate="1" complexity="NaN">
              <lines />
            </method>
            <method name="setExternalInfo" signature="(Ljava/util/List;)" line-rate="1" branch-rate="1" complexity="NaN">
              <lines />
            </method>
            <method name="country" signature="(Ljava/lang/String;)" line-rate="1" branch-rate="1" complexity="NaN">
              <lines />
            </method>
            <method name="getCountry" signature="()" line-rate="1" branch-rate="1" complexity="NaN">
              <lines />
            </method>
            <method name="setCountry" signature="(Ljava/lang/String;)" line-rate="1" branch-rate="1" complexity="NaN">
              <lines />
            </method>
            <method name="freetext" signature="(Ljava/lang/String;)" line-rate="1" branch-rate="1" complexity="NaN">
              <lines />
            </method>
            <method name="getFreetext" signature="()" line-rate="1" branch-rate="1" complexity="NaN">
              <lines />
            </method>
            <method name="setFreetext" signature="(Ljava/lang/String;)" line-rate="1" branch-rate="1" complexity="NaN">
              <lines />
            </method>
            <method name="equals" signature="(Ljava/lang/Object;)" line-rate="1" branch-rate="1" complexity="NaN">
              <lines />
            </method>
            <method name="hashCode" signature="()" line-rate="1" branch-rate="1" complexity="NaN">
              <lines />
            </method>
            <method name="toString" signature="()" line-rate="1" branch-rate="1" complexity="NaN">
              <lines />
            </method>
            <method name="toIndentedString" signature="(Ljava/lang/Object;)" line-rate="1" branch-rate="1" complexity="NaN">
              <lines />
            </method>
          </methods>
          <lines />
        </class>
        <class name="com/hubsante/model/cisu/Nomenclature" filename="Nomenclature.java" line-rate="1" branch-rate="1" complexity="NaN">
          <methods>
            <method name="&lt;init&gt;" signature="()" line-rate="1" branch-rate="1" complexity="NaN">
              <lines />
            </method>
            <method name="code" signature="(Ljava/lang/String;)" line-rate="1" branch-rate="1" complexity="NaN">
              <lines />
            </method>
            <method name="getCode" signature="()" line-rate="1" branch-rate="1" complexity="NaN">
              <lines />
            </method>
            <method name="setCode" signature="(Ljava/lang/String;)" line-rate="1" branch-rate="1" complexity="NaN">
              <lines />
            </method>
            <method name="label" signature="(Ljava/lang/String;)" line-rate="1" branch-rate="1" complexity="NaN">
              <lines />
            </method>
            <method name="getLabel" signature="()" line-rate="1" branch-rate="1" complexity="NaN">
              <lines />
            </method>
            <method name="setLabel" signature="(Ljava/lang/String;)" line-rate="1" branch-rate="1" complexity="NaN">
              <lines />
            </method>
            <method name="freetext" signature="(Ljava/lang/String;)" line-rate="1" branch-rate="1" complexity="NaN">
              <lines />
            </method>
            <method name="getFreetext" signature="()" line-rate="1" branch-rate="1" complexity="NaN">
              <lines />
            </method>
            <method name="setFreetext" signature="(Ljava/lang/String;)" line-rate="1" branch-rate="1" complexity="NaN">
              <lines />
            </method>
            <method name="equals" signature="(Ljava/lang/Object;)" line-rate="1" branch-rate="1" complexity="NaN">
              <lines />
            </method>
            <method name="hashCode" signature="()" line-rate="1" branch-rate="1" complexity="NaN">
              <lines />
            </method>
            <method name="toString" signature="()" line-rate="1" branch-rate="1" complexity="NaN">
              <lines />
            </method>
            <method name="toIndentedString" signature="(Ljava/lang/Object;)" line-rate="1" branch-rate="1" complexity="NaN">
              <lines />
            </method>
          </methods>
          <lines />
        </class>
        <class name="com/hubsante/model/cisu/Point" filename="Point.java" line-rate="1" branch-rate="1" complexity="NaN">
          <methods>
            <method name="&lt;init&gt;" signature="()" line-rate="1" branch-rate="1" complexity="NaN">
              <lines />
            </method>
            <method name="coord" signature="(Lcom/hubsante/model/cisu/Coord;)" line-rate="1" branch-rate="1" complexity="NaN">
              <lines />
            </method>
            <method name="getCoord" signature="()" line-rate="1" branch-rate="1" complexity="NaN">
              <lines />
            </method>
            <method name="setCoord" signature="(Lcom/hubsante/model/cisu/Coord;)" line-rate="1" branch-rate="1" complexity="NaN">
              <lines />
            </method>
            <method name="sysCoord" signature="(Ljava/lang/String;)" line-rate="1" branch-rate="1" complexity="NaN">
              <lines />
            </method>
            <method name="getSysCoord" signature="()" line-rate="1" branch-rate="1" complexity="NaN">
              <lines />
            </method>
[...]
              <lines />
            </method>
            <method name="hashCode" signature="()" line-rate="1" branch-rate="1" complexity="NaN">
              <lines />
            </method>
            <method name="toString" signature="()" line-rate="1" branch-rate="1" complexity="NaN">
              <lines />
            </method>
            <method name="toIndentedString" signature="(Ljava/lang/Object;)" line-rate="1" branch-rate="1" complexity="NaN">
              <lines />
            </method>
          </methods>
          <lines />
        </class>
        <class name="com/hubsante/model/emsi/Origin" filename="Origin.java" line-rate="1" branch-rate="1" complexity="NaN">
          <methods>
            <method name="&lt;init&gt;" signature="()" line-rate="1" branch-rate="1" complexity="NaN">
              <lines />
            </method>
            <method name="ORG_ID" signature="(Ljava/lang/String;)" line-rate="1" branch-rate="1" complexity="NaN">
              <lines />
            </method>
            <method name="getORGID" signature="()" line-rate="1" branch-rate="1" complexity="NaN">
              <lines />
            </method>
            <method name="setORGID" signature="(Ljava/lang/String;)" line-rate="1" branch-rate="1" complexity="NaN">
              <lines />
            </method>
            <method name="USER_ID" signature="(Ljava/lang/String;)" line-rate="1" branch-rate="1" complexity="NaN">
              <lines />
            </method>
            <method name="getUSERID" signature="()" line-rate="1" branch-rate="1" complexity="NaN">
              <lines />
            </method>
            <method name="setUSERID" signature="(Ljava/lang/String;)" line-rate="1" branch-rate="1" complexity="NaN">
              <lines />
            </method>
            <method name="NAME" signature="(Ljava/lang/String;)" line-rate="1" branch-rate="1" complexity="NaN">
              <lines />
            </method>
            <method name="getNAME" signature="()" line-rate="1" branch-rate="1" complexity="NaN">
              <lines />
            </method>
            <method name="setNAME" signature="(Ljava/lang/String;)" line-rate="1" branch-rate="1" complexity="NaN">
              <lines />
            </method>
            <method name="equals" signature="(Ljava/lang/Object;)" line-rate="1" branch-rate="1" complexity="NaN">
              <lines />
            </method>
            <method name="hashCode" signature="()" line-rate="1" branch-rate="1" complexity="NaN">
              <lines />
            </method>
            <method name="toString" signature="()" line-rate="1" branch-rate="1" complexity="NaN">
              <lines />
            </method>
            <method name="toIndentedString" signature="(Ljava/lang/Object;)" line-rate="1" branch-rate="1" complexity="NaN">
              <lines />
            </method>
          </methods>
          <lines />
        </class>
        <class name="com/hubsante/model/emsi/PositionEgeo" filename="PositionEgeo.java" line-rate="1" branch-rate="1" complexity="NaN">
          <methods>
            <method name="&lt;init&gt;" signature="()" line-rate="1" branch-rate="1" complexity="NaN">
              <lines />
            </method>
            <method name="LOC_ID" signature="(Ljava/lang/String;)" line-rate="1" branch-rate="1" complexity="NaN">
              <lines />
            </method>
            <method name="getLOCID" signature="()" line-rate="1" branch-rate="1" complexity="NaN">
              <lines />
            </method>
            <method name="setLOCID" signature="(Ljava/lang/String;)" line-rate="1" branch-rate="1" complexity="NaN">
              <lines />
            </method>
            <method name="NAME" signature="(Ljava/lang/String;)" line-rate="1" branch-rate="1" complexity="NaN">
              <lines />
            </method>
            <method name="getNAME" signature="()" line-rate="1" branch-rate="1" complexity="NaN">
              <lines />
            </method>
            <method name="setNAME" signature="(Ljava/lang/String;)" line-rate="1" branch-rate="1" complexity="NaN">
              <lines />
            </method>
            <method name="TYPE" signature="(Ljava/lang/String;)" line-rate="1" branch-rate="1" complexity="NaN">
              <lines />
            </method>
            <method name="getTYPE" signature="()" line-rate="1" branch-rate="1" complexity="NaN">
              <lines />
            </method>
            <method name="setTYPE" signature="(Ljava/lang/String;)" line-rate="1" branch-rate="1" complexity="NaN">
              <lines />
            </method>
            <method name="HEIGHT_ROLE" signature="(Ljava/lang/String;)" line-rate="1" branch-rate="1" complexity="NaN">
              <lines />
            </method>
            <method name="getHEIGHTROLE" signature="()" line-rate="1" branch-rate="1" complexity="NaN">
              <lines />
            </method>
            <method name="setHEIGHTROLE" signature="(Ljava/lang/String;)" line-rate="1" branch-rate="1" complexity="NaN">
              <lines />
            </method>
            <method name="COORDSYS" signature="(Ljava/lang/String;)" line-rate="1" branch-rate="1" complexity="NaN">
              <lines />
            </method>
            <method name="getCOORDSYS" signature="()" line-rate="1" branch-rate="1" complexity="NaN">
              <lines />
            </method>
            <method name="setCOORDSYS" signature="(Ljava/lang/String;)" line-rate="1" branch-rate="1" complexity="NaN">
              <lines />
            </method>
            <method name="COORD" signature="(Ljava/util/List;)" line-rate="1" branch-rate="1" complexity="NaN">
              <lines />
            </method>
            <method name="addCOORDItem" signature="(Lcom/hubsante/model/emsi/Coord;)" line-rate="1" branch-rate="1" complexity="NaN">
              <lines />
            </method>
            <method name="getCOORD" signature="()" line-rate="1" branch-rate="1" complexity="NaN">
              <lines />
            </method>
            <method name="setCOORD" signature="(Ljava/util/List;)" line-rate="1" branch-rate="1" complexity="NaN">
              <lines />
            </method>
            <method name="ADDRESS" signature="(Ljava/util/List;)" line-rate="1" branch-rate="1" complexity="NaN">
              <lines />
            </method>
            <method name="addADDRESSItem" signature="(Ljava/lang/String;)" line-rate="1" branch-rate="1" complexity="NaN">
              <lines />
            </method>
            <method name="getADDRESS" signature="()" line-rate="1" branch-rate="1" complexity="NaN">
              <lines />
            </method>
            <method name="setADDRESS" signature="(Ljava/util/List;)" line-rate="1" branch-rate="1" complexity="NaN">
              <lines />
            </method>
            <method name="equals" signature="(Ljava/lang/Object;)" line-rate="1" branch-rate="1" complexity="NaN">
              <lines />
            </method>
            <method name="hashCode" signature="()" line-rate="1" branch-rate="1" complexity="NaN">
              <lines />
            </method>
            <method name="toString" signature="()" line-rate="1" branch-rate="1" complexity="NaN">
              <lines />
            </method>
            <method name="toIndentedString" signature="(Ljava/lang/Object;)" line-rate="1" branch-rate="1" complexity="NaN">
              <lines />
            </method>
          </methods>
          <lines />
        </class>
        <class name="com/hubsante/model/emsi/PositionRgeo" filename="PositionRgeo.java" line-rate="1" branch-rate="1" complexity="NaN">
          <methods>
            <method name="&lt;clinit&gt;" signature="()" line-rate="1" branch-rate="1" complexity="NaN">
              <lines />
            </method>
            <method name="&lt;init&gt;" signature="(Ljava/lang/String;ILjava/lang/String;)" line-rate="1" branch-rate="1" complexity="NaN">
              <lines />
            </method>
            <method name="getValue" signature="()" line-rate="1" branch-rate="1" complexity="NaN">
              <lines />
            </method>
            <method name="toString" signature="()" line-rate="1" branch-rate="1" complexity="NaN">
              <lines />
            </method>
            <method name="fromValue" signature="(Ljava/lang/String;)" line-rate="1" branch-rate="1" complexity="NaN">
              <lines />
            </method>
            <method name="&lt;init&gt;" signature="()" line-rate="1" branch-rate="1" complexity="NaN">
              <lines />
            </method>
            <method name="LOC_ID" signature="(Ljava/lang/String;)" line-rate="1" branch-rate="1" complexity="NaN">
              <lines />
            </method>
            <method name="getLOCID" signature="()" line-rate="1" branch-rate="1" complexity="NaN">
              <lines />
            </method>
            <method name="setLOCID" signature="(Ljava/lang/String;)" line-rate="1" branch-rate="1" complexity="NaN">
              <lines />
            </method>
            <method name="NAME" signature="(Ljava/lang/String;)" line-rate="1" branch-rate="1" complexity="NaN">
              <lines />
            </method>
            <method name="getNAME" signature="()" line-rate="1" branch-rate="1" complexity="NaN">
              <lines />
            </method>
            <method name="setNAME" signature="(Ljava/lang/String;)" line-rate="1" branch-rate="1" complexity="NaN">
              <lines />
            </method>
            <method name="TYPE" signature="(Lcom/hubsante/model/emsi/PositionRgeo$TYPEEnum;)" line-rate="1" branch-rate="1" complexity="NaN">
              <lines />
            </method>
            <method name="getTYPE" signature="()" line-rate="1" branch-rate="1" complexity="NaN">
              <lines />
            </method>
            <method name="setTYPE" signature="(Lcom/hubsante/model/emsi/PositionRgeo$TYPEEnum;)" line-rate="1" branch-rate="1" complexity="NaN">
              <lines />
            </method>
            <method name="HEIGHT_ROLE" signature="(Ljava/lang/String;)" line-rate="1" branch-rate="1" complexity="NaN">
              <lines />
            </method>
            <method name="getHEIGHTROLE" signature="()" line-rate="1" branch-rate="1" complexity="NaN">
              <lines />
            </method>
            <method name="setHEIGHTROLE" signature="(Ljava/lang/String;)" line-rate="1" branch-rate="1" complexity="NaN">
              <lines />
            </method>
            <method name="COORDSYS" signature="(Ljava/lang/String;)" line-rate="1" branch-rate="1" complexity="NaN">
              <lines />
            </method>
            <method name="getCOORDSYS" signature="()" line-rate="1" branch-rate="1" complexity="NaN">
              <lines />
            </method>
            <method name="setCOORDSYS" signature="(Ljava/lang/String;)" line-rate="1" branch-rate="1" complexity="NaN">
              <lines />
            </method>
            <method name="COORD" signature="(Ljava/util/List;)" line-rate="1" branch-rate="1" complexity="NaN">
              <lines />
            </method>
            <method name="addCOORDItem" signature="(Lcom/hubsante/model/emsi/Coord;)" line-rate="1" branch-rate="1" complexity="NaN">
              <lines />
            </method>
            <method name="getCOORD" signature="()" line-rate="1" branch-rate="1" complexity="NaN">
              <lines />
            </method>
            <method name="setCOORD" signature="(Ljava/util/List;)" line-rate="1" branch-rate="1" complexity="NaN">
              <lines />
            </method>
            <method name="ADDRESS" signature="(Ljava/util/List;)" line-rate="1" branch-rate="1" complexity="NaN">
              <lines />
            </method>
            <method name="addADDRESSItem" signature="(Ljava/lang/String;)" line-rate="1" branch-rate="1" complexity="NaN">
              <lines />
            </method>
            <method name="getADDRESS" signature="()" line-rate="1" branch-rate="1" complexity="NaN">
              <lines />
            </method>
            <method name="setADDRESS" signature="(Ljava/util/List;)" line-rate="1" branch-rate="1" complexity="NaN">
              <lines />
            </method>
            <method name="equals" signature="(Ljava/lang/Object;)" line-rate="1" branch-rate="1" complexity="NaN">
              <lines />
            </method>
            <method name="hashCode" signature="()" line-rate="1" branch-rate="1" complexity="NaN">
              <lines />
            </method>
            <method name="toString" signature="()" line-rate="1" branch-rate="1" complexity="NaN">
              <lines />
            </method>
            <method name="toIndentedString" signature="(Ljava/lang/Object;)" line-rate="1" branch-rate="1" complexity="NaN">
              <lines />
            </method>
          </methods>
          <lines />
        </class>
        <class name="com/hubsante/model/emsi/Reference" filename="Reference.java" line-rate="1" branch-rate="1" complexity="NaN">
          <methods>
            <method name="&lt;init&gt;" signature="()" line-rate="1" branch-rate="1" complexity="NaN">
              <lines />
            </method>
            <method name="ORG_ID" signature="(Ljava/lang/String;)" line-rate="1" branch-rate="1" complexity="NaN">
              <lines />
            </method>
            <method name="getORGID" signature="()" line-rate="1" branch-rate="1" complexity="NaN">
              <lines />
            </method>
            <method name="setORGID" signature="(Ljava/lang/String;)" line-rate="1" branch-rate="1" complexity="NaN">
              <lines />
            </method>
            <method name="OTHER_EVENT_ID" signature="(Ljava/util/List;)" line-rate="1" branch-rate="1" complexity="NaN">
              <lines />
            </method>
            <method name="addOTHEREVENTIDItem" signature="(Ljava/lang/String;)" line-rate="1" branch-rate="1" complexity="NaN">
              <lines />
            </method>
            <method name="getOTHEREVENTID" signature="()" line-rate="1" branch-rate="1" complexity="NaN">
              <lines />
            </method>
            <method name="setOTHEREVENTID" signature="(Ljava/util/List;)" line-rate="1" branch-rate="1" complexity="NaN">
              <lines />
            </method>
            <method name="equals" signature="(Ljava/lang/Object;)" line-rate="1" branch-rate="1" complexity="NaN">
              <lines />
            </method>
            <method name="hashCode" signature="()" line-rate="1" branch-rate="1" complexity="NaN">
              <lines />
            </method>
            <method name="toString" signature="()" line-rate="1" branch-rate="1" complexity="NaN">
              <lines />
            </method>
            <method name="toIndentedString" signature="(Ljava/lang/Object;)" line-rate="1" branch-rate="1" complexity="NaN">
              <lines />
            </method>
          </methods>
          <lines />
        </class>
      </classes>
    </package>
    <package name="com/hubsante/model/exception" line-rate="1" branch-rate="1" complexity="NaN">
      <classes>
        <class name="com/hubsante/model/exception/ValidationException" filename="ValidationException.java" line-rate="1" branch-rate="1" complexity="NaN">
          <methods>
            <method name="&lt;init&gt;" signature="(Ljava/lang/String;)" line-rate="1" branch-rate="1" complexity="NaN">
              <lines />
            </method>
          </methods>
          <lines />
        </class>
      </classes>
    </package>
    <package name="com/hubsante/model/report" line-rate="0.75" branch-rate="0.2777777777777778" complexity="NaN">
      <classes>
        <class name="com/hubsante/model/report/ErrorCode" filename="ErrorCode.java" line-rate="1" branch-rate="1" complexity="NaN">
          <methods>
            <method name="&lt;clinit&gt;" signature="()" line-rate="1" branch-rate="1" complexity="NaN">
              <lines />
            </method>
            <method name="&lt;init&gt;" signature="(Ljava/lang/String;IILjava/lang/String;)" line-rate="1" branch-rate="1" complexity="NaN">
              <lines />
            </method>
            <method name="forValues" signature="(ILjava/lang/String;)" line-rate="1" branch-rate="1" complexity="NaN">
              <lines />
            </method>
            <method name="getStatusCode" signature="()" line-rate="1" branch-rate="1" complexity="NaN">
              <lines />
            </method>
            <method name="getStatusString" signature="()" line-rate="1" branch-rate="1" complexity="NaN">
              <lines />
            </method>
            <method name="isSetupError" signature="()" line-rate="1" branch-rate="1" complexity="NaN">
              <lines />
            </method>
            <method name="isUnauthorizedError" signature="()" line-rate="1" branch-rate="1" complexity="NaN">
              <lines />
            </method>
            <method name="isParsingError" signature="()" line-rate="1" branch-rate="1" complexity="NaN">
              <lines />
            </method>
            <method name="isExpired" signature="()" line-rate="1" branch-rate="1" complexity="NaN">
              <lines />
            </method>
            <method name="isUndelivered" signature="()" line-rate="1" branch-rate="1" complexity="NaN">
              <lines />
            </method>
          </methods>
          <lines />
        </class>
        <class name="com/hubsante/model/report/ErrorReport" filename="ErrorReport.java" line-rate="1" branch-rate="1" complexity="NaN">
          <methods>
            <method name="&lt;init&gt;" signature="()" line-rate="1" branch-rate="1" complexity="NaN">
              <lines />
            </method>
            <method name="&lt;init&gt;" signature="(Lcom/hubsante/model/report/ErrorCode;Ljava/lang/String;Ljava/lang/String;Ljava/lang/String;)" line-rate="1" branch-rate="1" complexity="NaN">
              <lines />
            </method>
            <method name="getErrorCode" signature="()" line-rate="1" branch-rate="1" complexity="NaN">
              <lines />
            </method>
            <method name="setErrorCode" signature="(Lcom/hubsante/model/report/ErrorCode;)" line-rate="1" branch-rate="1" complexity="NaN">
              <lines />
            </method>
            <method name="getErrorCause" signature="()" line-rate="1" branch-rate="1" complexity="NaN">
              <lines />
            </method>
            <method name="setErrorCause" signature="(Ljava/lang/String;)" line-rate="1" branch-rate="1" complexity="NaN">
              <lines />
            </method>
            <method name="getSourceMessage" signature="()" line-rate="1" branch-rate="1" complexity="NaN">
              <lines />
            </method>
            <method name="setSourceMessage" signature="(Ljava/lang/String;)" line-rate="1" branch-rate="1" complexity="NaN">
              <lines />
            </method>
            <method name="getReferencedDistributionID" signature="()" line-rate="1" branch-rate="1" complexity="NaN">
              <lines />
            </method>
            <method name="setReferencedDistributionID" signature="(Ljava/lang/String;)" line-rate="1" branch-rate="1" complexity="NaN">
              <lines />
            </method>
            <method name="equals" signature="(Ljava/lang/Object;)" line-rate="1" branch-rate="1" complexity="NaN">
              <lines />
            </method>
            <method name="hashCode" signature="()" line-rate="1" branch-rate="1" complexity="NaN">
              <lines />
            </method>
          </methods>
          <lines />
        </class>
      </classes>
    </package>
  </packages>
</coverage>